<?xml version="1.0" encoding="UTF-8"?>
<testsuite name="test.java.AlgoTest" tests="12" skipped="0" failures="0" errors="0" timestamp="2018-10-20T08:49:13" hostname="Himanshus-MacBook-Air.local" time="0.041">
  <properties/>
  <testcase name="HeapSortTest" classname="test.java.AlgoTest" time="0.004"/>
  <testcase name="MergeSortNullTest" classname="test.java.AlgoTest" time="0.023"/>
  <testcase name="throwsNothing" classname="test.java.AlgoTest" time="0.0"/>
  <testcase name="QuickSortTest" classname="test.java.AlgoTest" time="0.001"/>
  <testcase name="SelectionSortTest" classname="test.java.AlgoTest" time="0.0"/>
  <testcase name="SelectionSortNullTest" classname="test.java.AlgoTest" time="0.0"/>
  <testcase name="InsertionSortNullTest" classname="test.java.AlgoTest" time="0.0"/>
  <testcase name="QuickSortNullTest" classname="test.java.AlgoTest" time="0.001"/>
  <testcase name="BubbleSortTest" classname="test.java.AlgoTest" time="0.001"/>
  <testcase name="InsertionSortTest" classname="test.java.AlgoTest" time="0.001"/>
  <testcase name="MergeSortTest" classname="test.java.AlgoTest" time="0.001"/>
  <testcase name="BubbleSortNullTest" classname="test.java.AlgoTest" time="0.001"/>
  <system-out><![CDATA[]]></system-out>
  <system-err><![CDATA[]]></system-err>
</testsuite>
